# JRE version: OpenJDK Runtime Environment (8.0_152-b01) (build 1.8.0_152-release-915-b01)
# Java VM: OpenJDK 64-Bit Server VM (25.152-b01 mixed mode windows-amd64 compressed oops)
Heap:
 PSYoungGen      total 310784K, used 69550K [0x00000000eab00000, 0x0000000100000000, 0x0000000100000000)
  eden space 281600K, 20% used [0x00000000eab00000,0x00000000ee3cac98,0x00000000fbe00000)
  from space 29184K, 39% used [0x00000000fe380000,0x00000000feea0bf8,0x0000000100000000)
  to   space 33792K, 0% used [0x00000000fbe00000,0x00000000fbe00000,0x00000000fdf00000)
 ParOldGen       total 217088K, used 54999K [0x00000000c0000000, 0x00000000cd400000, 0x00000000eab00000)
  object space 217088K, 25% used [0x00000000c0000000,0x00000000c35b5d30,0x00000000cd400000)
 Metaspace       used 73537K, capacity 77002K, committed 77272K, reserved 1116160K
  class space    used 9565K, capacity 10371K, committed 10496K, reserved 1048576K
GC Heap History (10 events):
Event: 8.859 GC heap before
{Heap before GC invocations=11 (full 2):
 PSYoungGen      total 263680K, used 56467K [0x00000000eab00000, 0x00000000fdb80000, 0x0000000100000000)
  eden space 245760K, 15% used [0x00000000eab00000,0x00000000ed0a5778,0x00000000f9b00000)
  from space 17920K, 99% used [0x00000000fb380000,0x00000000fc4ff4e0,0x00000000fc500000)
  to   space 25088K, 0% used [0x00000000f9b00000,0x00000000f9b00000,0x00000000fb380000)
 ParOldGen       total 147968K, used 30162K [0x00000000c0000000, 0x00000000c9080000, 0x00000000eab00000)
  object space 147968K, 20% used [0x00000000c0000000,0x00000000c1d74960,0x00000000c9080000)
 Metaspace       used 56844K, capacity 58858K, committed 58968K, reserved 1099776K
  class space    used 7728K, capacity 8233K, committed 8320K, reserved 1048576K
Event: 8.889 GC heap after
Heap after GC invocations=11 (full 2):
 PSYoungGen      total 270848K, used 22749K [0x00000000eab00000, 0x0000000100000000, 0x0000000100000000)
  eden space 245760K, 0% used [0x00000000eab00000,0x00000000eab00000,0x00000000f9b00000)
  from space 25088K, 90% used [0x00000000f9b00000,0x00000000fb137500,0x00000000fb380000)
  to   space 28160K, 0% used [0x00000000fe480000,0x00000000fe480000,0x0000000100000000)
 ParOldGen       total 147968K, used 30170K [0x00000000c0000000, 0x00000000c9080000, 0x00000000eab00000)
  object space 147968K, 20% used [0x00000000c0000000,0x00000000c1d76960,0x00000000c9080000)
 Metaspace       used 56844K, capacity 58858K, committed 58968K, reserved 1099776K
  class space    used 7728K, capacity 8233K, committed 8320K, reserved 1048576K
}
Event: 8.889 GC heap before
{Heap before GC invocations=12 (full 3):
 PSYoungGen      total 270848K, used 22749K [0x00000000eab00000, 0x0000000100000000, 0x0000000100000000)
  eden space 245760K, 0% used [0x00000000eab00000,0x00000000eab00000,0x00000000f9b00000)
  from space 25088K, 90% used [0x00000000f9b00000,0x00000000fb137500,0x00000000fb380000)
  to   space 28160K, 0% used [0x00000000fe480000,0x00000000fe480000,0x0000000100000000)
 ParOldGen       total 147968K, used 30170K [0x00000000c0000000, 0x00000000c9080000, 0x00000000eab00000)
  object space 147968K, 20% used [0x00000000c0000000,0x00000000c1d76960,0x00000000c9080000)
 Metaspace       used 56844K, capacity 58858K, committed 58968K, reserved 1099776K
  class space    used 7728K, capacity 8233K, committed 8320K, reserved 1048576K
Event: 9.213 GC heap after
Heap after GC invocations=12 (full 3):
 PSYoungGen      total 270848K, used 0K [0x00000000eab00000, 0x0000000100000000, 0x0000000100000000)
  eden space 245760K, 0% used [0x00000000eab00000,0x00000000eab00000,0x00000000f9b00000)
  from space 25088K, 0% used [0x00000000f9b00000,0x00000000f9b00000,0x00000000fb380000)
  to   space 28160K, 0% used [0x00000000fe480000,0x00000000fe480000,0x0000000100000000)
 ParOldGen       total 217088K, used 43783K [0x00000000c0000000, 0x00000000cd400000, 0x00000000eab00000)
  object space 217088K, 20% used [0x00000000c0000000,0x00000000c2ac1dc0,0x00000000cd400000)
 Metaspace       used 56821K, capacity 58770K, committed 58968K, reserved 1099776K
  class space    used 7722K, capacity 8225K, committed 8320K, reserved 1048576K
}
Event: 21.417 GC heap before
{Heap before GC invocations=13 (full 3):
 PSYoungGen      total 270848K, used 245760K [0x00000000eab00000, 0x0000000100000000, 0x0000000100000000)
  eden space 245760K, 100% used [0x00000000eab00000,0x00000000f9b00000,0x00000000f9b00000)
  from space 25088K, 0% used [0x00000000f9b00000,0x00000000f9b00000,0x00000000fb380000)
  to   space 28160K, 0% used [0x00000000fe480000,0x00000000fe480000,0x0000000100000000)
 ParOldGen       total 217088K, used 43783K [0x00000000c0000000, 0x00000000cd400000, 0x00000000eab00000)
  object space 217088K, 20% used [0x00000000c0000000,0x00000000c2ac1dc0,0x00000000cd400000)
 Metaspace       used 64663K, capacity 67460K, committed 67672K, reserved 1107968K
  class space    used 8554K, capacity 9232K, committed 9344K, reserved 1048576K
Event: 21.435 GC heap after
Heap after GC invocations=13 (full 3):
 PSYoungGen      total 318976K, used 20628K [0x00000000eab00000, 0x0000000100000000, 0x0000000100000000)
  eden space 290816K, 0% used [0x00000000eab00000,0x00000000eab00000,0x00000000fc700000)
  from space 28160K, 73% used [0x00000000fe480000,0x00000000ff8a53f0,0x0000000100000000)
  to   space 29184K, 0% used [0x00000000fc700000,0x00000000fc700000,0x00000000fe380000)
 ParOldGen       total 217088K, used 43791K [0x00000000c0000000, 0x00000000cd400000, 0x00000000eab00000)
  object space 217088K, 20% used [0x00000000c0000000,0x00000000c2ac3dc0,0x00000000cd400000)
 Metaspace       used 64663K, capacity 67460K, committed 67672K, reserved 1107968K
  class space    used 8554K, capacity 9232K, committed 9344K, reserved 1048576K
}
Event: 48.389 GC heap before
{Heap before GC invocations=14 (full 3):
 PSYoungGen      total 318976K, used 311444K [0x00000000eab00000, 0x0000000100000000, 0x0000000100000000)
  eden space 290816K, 100% used [0x00000000eab00000,0x00000000fc700000,0x00000000fc700000)
  from space 28160K, 73% used [0x00000000fe480000,0x00000000ff8a53f0,0x0000000100000000)
  to   space 29184K, 0% used [0x00000000fc700000,0x00000000fc700000,0x00000000fe380000)
 ParOldGen       total 217088K, used 43791K [0x00000000c0000000, 0x00000000cd400000, 0x00000000eab00000)
  object space 217088K, 20% used [0x00000000c0000000,0x00000000c2ac3dc0,0x00000000cd400000)
 Metaspace       used 67128K, capacity 70222K, committed 70488K, reserved 1110016K
  class space    used 8831K, capacity 9569K, committed 9600K, reserved 1048576K
Event: 48.420 GC heap after
Heap after GC invocations=14 (full 3):
 PSYoungGen      total 320000K, used 29165K [0x00000000eab00000, 0x0000000100000000, 0x0000000100000000)
  eden space 290816K, 0% used [0x00000000eab00000,0x00000000eab00000,0x00000000fc700000)
  from space 29184K, 99% used [0x00000000fc700000,0x00000000fe37b460,0x00000000fe380000)
  to   space 29184K, 0% used [0x00000000fe380000,0x00000000fe380000,0x0000000100000000)
 ParOldGen       total 217088K, used 47864K [0x00000000c0000000, 0x00000000cd400000, 0x00000000eab00000)
  object space 217088K, 22% used [0x00000000c0000000,0x00000000c2ebe2b8,0x00000000cd400000)
 Metaspace       used 67128K, capacity 70222K, committed 70488K, reserved 1110016K
  class space    used 8831K, capacity 9569K, committed 9600K, reserved 1048576K
}
Event: 277.270 GC heap before
{Heap before GC invocations=15 (full 3):
 PSYoungGen      total 320000K, used 319981K [0x00000000eab00000, 0x0000000100000000, 0x0000000100000000)
  eden space 290816K, 100% used [0x00000000eab00000,0x00000000fc700000,0x00000000fc700000)
  from space 29184K, 99% used [0x00000000fc700000,0x00000000fe37b460,0x00000000fe380000)
  to   space 29184K, 0% used [0x00000000fe380000,0x00000000fe380000,0x0000000100000000)
 ParOldGen       total 217088K, used 47864K [0x00000000c0000000, 0x00000000cd400000, 0x00000000eab00000)
  object space 217088K, 22% used [0x00000000c0000000,0x00000000c2ebe2b8,0x00000000cd400000)
 Metaspace       used 69057K, capacity 72458K, committed 72664K, reserved 1112064K
  class space    used 9076K, capacity 9859K, committed 9984K, reserved 1048576K
Event: 277.281 GC heap after
Heap after GC invocations=15 (full 3):
 PSYoungGen      total 310784K, used 11394K [0x00000000eab00000, 0x0000000100000000, 0x0000000100000000)
  eden space 281600K, 0% used [0x00000000eab00000,0x00000000eab00000,0x00000000fbe00000)
  from space 29184K, 39% used [0x00000000fe380000,0x00000000feea0bf8,0x0000000100000000)
  to   space 33792K, 0% used [0x00000000fbe00000,0x00000000fbe00000,0x00000000fdf00000)
 ParOldGen       total 217088K, used 54999K [0x00000000c0000000, 0x00000000cd400000, 0x00000000eab00000)
  object space 217088K, 25% used [0x00000000c0000000,0x00000000c35b5d30,0x00000000cd400000)
 Metaspace       used 69057K, capacity 72458K, committed 72664K, reserved 1112064K
  class space    used 9076K, capacity 9859K, committed 9984K, reserved 1048576K
}

