# JRE version: OpenJDK Runtime Environment (8.0_152-b01) (build 1.8.0_152-release-915-b01)
# Java VM: OpenJDK 64-Bit Server VM (25.152-b01 mixed mode windows-amd64 compressed oops)
Heap:
 PSYoungGen      total 184320K, used 8117K [0x00000000eab00000, 0x00000000f8a80000, 0x0000000100000000)
  eden space 171008K, 4% used [0x00000000eab00000,0x00000000eb2ed688,0x00000000f5200000)
  from space 13312K, 0% used [0x00000000f5e00000,0x00000000f5e00000,0x00000000f6b00000)
  to   space 12288K, 0% used [0x00000000f5200000,0x00000000f5200000,0x00000000f5e00000)
 ParOldGen       total 140288K, used 14926K [0x00000000c0000000, 0x00000000c8900000, 0x00000000eab00000)
  object space 140288K, 10% used [0x00000000c0000000,0x00000000c0e939d8,0x00000000c8900000)
 Metaspace       used 35204K, capacity 35898K, committed 36312K, reserved 1081344K
  class space    used 4779K, capacity 4995K, committed 5120K, reserved 1048576K
GC Heap History (10 events):
Event: 2.944 GC heap before
{Heap before GC invocations=4 (full 1):
 PSYoungGen      total 76288K, used 6616K [0x00000000eab00000, 0x00000000f4000000, 0x0000000100000000)
  eden space 65536K, 0% used [0x00000000eab00000,0x00000000eab00000,0x00000000eeb00000)
  from space 10752K, 61% used [0x00000000eeb00000,0x00000000ef176198,0x00000000ef580000)
  to   space 10752K, 0% used [0x00000000f3580000,0x00000000f3580000,0x00000000f4000000)
 ParOldGen       total 175104K, used 1419K [0x00000000c0000000, 0x00000000cab00000, 0x00000000eab00000)
  object space 175104K, 0% used [0x00000000c0000000,0x00000000c0162cd8,0x00000000cab00000)
 Metaspace       used 20701K, capacity 21130K, committed 21248K, reserved 1067008K
  class space    used 2861K, capacity 3038K, committed 3072K, reserved 1048576K
Event: 2.986 GC heap after
Heap after GC invocations=4 (full 1):
 PSYoungGen      total 76288K, used 0K [0x00000000eab00000, 0x00000000f4000000, 0x0000000100000000)
  eden space 65536K, 0% used [0x00000000eab00000,0x00000000eab00000,0x00000000eeb00000)
  from space 10752K, 0% used [0x00000000eeb00000,0x00000000eeb00000,0x00000000ef580000)
  to   space 10752K, 0% used [0x00000000f3580000,0x00000000f3580000,0x00000000f4000000)
 ParOldGen       total 94208K, used 6503K [0x00000000c0000000, 0x00000000c5c00000, 0x00000000eab00000)
  object space 94208K, 6% used [0x00000000c0000000,0x00000000c0659fc8,0x00000000c5c00000)
 Metaspace       used 20701K, capacity 21130K, committed 21248K, reserved 1067008K
  class space    used 2861K, capacity 3038K, committed 3072K, reserved 1048576K
}
Event: 4.436 GC heap before
{Heap before GC invocations=5 (full 1):
 PSYoungGen      total 76288K, used 65536K [0x00000000eab00000, 0x00000000f4000000, 0x0000000100000000)
  eden space 65536K, 100% used [0x00000000eab00000,0x00000000eeb00000,0x00000000eeb00000)
  from space 10752K, 0% used [0x00000000eeb00000,0x00000000eeb00000,0x00000000ef580000)
  to   space 10752K, 0% used [0x00000000f3580000,0x00000000f3580000,0x00000000f4000000)
 ParOldGen       total 94208K, used 6503K [0x00000000c0000000, 0x00000000c5c00000, 0x00000000eab00000)
  object space 94208K, 6% used [0x00000000c0000000,0x00000000c0659fc8,0x00000000c5c00000)
 Metaspace       used 25851K, capacity 26402K, committed 26496K, reserved 1073152K
  class space    used 3525K, capacity 3698K, committed 3712K, reserved 1048576K
Event: 4.445 GC heap after
Heap after GC invocations=5 (full 1):
 PSYoungGen      total 115200K, used 7486K [0x00000000eab00000, 0x00000000f3d00000, 0x0000000100000000)
  eden space 107520K, 0% used [0x00000000eab00000,0x00000000eab00000,0x00000000f1400000)
  from space 7680K, 97% used [0x00000000f3580000,0x00000000f3ccfab8,0x00000000f3d00000)
  to   space 10752K, 0% used [0x00000000f2800000,0x00000000f2800000,0x00000000f3280000)
 ParOldGen       total 94208K, used 6511K [0x00000000c0000000, 0x00000000c5c00000, 0x00000000eab00000)
  object space 94208K, 6% used [0x00000000c0000000,0x00000000c065bfc8,0x00000000c5c00000)
 Metaspace       used 25851K, capacity 26402K, committed 26496K, reserved 1073152K
  class space    used 3525K, capacity 3698K, committed 3712K, reserved 1048576K
}
Event: 6.884 GC heap before
{Heap before GC invocations=6 (full 1):
 PSYoungGen      total 115200K, used 115006K [0x00000000eab00000, 0x00000000f3d00000, 0x0000000100000000)
  eden space 107520K, 100% used [0x00000000eab00000,0x00000000f1400000,0x00000000f1400000)
  from space 7680K, 97% used [0x00000000f3580000,0x00000000f3ccfab8,0x00000000f3d00000)
  to   space 10752K, 0% used [0x00000000f2800000,0x00000000f2800000,0x00000000f3280000)
 ParOldGen       total 94208K, used 6511K [0x00000000c0000000, 0x00000000c5c00000, 0x00000000eab00000)
  object space 94208K, 6% used [0x00000000c0000000,0x00000000c065bfc8,0x00000000c5c00000)
 Metaspace       used 31268K, capacity 31858K, committed 32128K, reserved 1077248K
  class space    used 4259K, capacity 4428K, committed 4480K, reserved 1048576K
Event: 6.893 GC heap after
Heap after GC invocations=6 (full 1):
 PSYoungGen      total 138752K, used 10089K [0x00000000eab00000, 0x00000000f6b00000, 0x0000000100000000)
  eden space 128000K, 0% used [0x00000000eab00000,0x00000000eab00000,0x00000000f2800000)
  from space 10752K, 93% used [0x00000000f2800000,0x00000000f31da608,0x00000000f3280000)
  to   space 13312K, 0% used [0x00000000f5e00000,0x00000000f5e00000,0x00000000f6b00000)
 ParOldGen       total 94208K, used 6583K [0x00000000c0000000, 0x00000000c5c00000, 0x00000000eab00000)
  object space 94208K, 6% used [0x00000000c0000000,0x00000000c066dfd8,0x00000000c5c00000)
 Metaspace       used 31268K, capacity 31858K, committed 32128K, reserved 1077248K
  class space    used 4259K, capacity 4428K, committed 4480K, reserved 1048576K
}
Event: 7.177 GC heap before
{Heap before GC invocations=7 (full 1):
 PSYoungGen      total 138752K, used 26937K [0x00000000eab00000, 0x00000000f6b00000, 0x0000000100000000)
  eden space 128000K, 13% used [0x00000000eab00000,0x00000000ebb73ea8,0x00000000f2800000)
  from space 10752K, 93% used [0x00000000f2800000,0x00000000f31da608,0x00000000f3280000)
  to   space 13312K, 0% used [0x00000000f5e00000,0x00000000f5e00000,0x00000000f6b00000)
 ParOldGen       total 94208K, used 6583K [0x00000000c0000000, 0x00000000c5c00000, 0x00000000eab00000)
  object space 94208K, 6% used [0x00000000c0000000,0x00000000c066dfd8,0x00000000c5c00000)
 Metaspace       used 34467K, capacity 35178K, committed 35416K, reserved 1079296K
  class space    used 4680K, capacity 4927K, committed 4992K, reserved 1048576K
Event: 7.185 GC heap after
Heap after GC invocations=7 (full 1):
 PSYoungGen      total 184320K, used 8924K [0x00000000eab00000, 0x00000000f8a80000, 0x0000000100000000)
  eden space 171008K, 0% used [0x00000000eab00000,0x00000000eab00000,0x00000000f5200000)
  from space 13312K, 67% used [0x00000000f5e00000,0x00000000f66b7160,0x00000000f6b00000)
  to   space 12288K, 0% used [0x00000000f5200000,0x00000000f5200000,0x00000000f5e00000)
 ParOldGen       total 94208K, used 6591K [0x00000000c0000000, 0x00000000c5c00000, 0x00000000eab00000)
  object space 94208K, 6% used [0x00000000c0000000,0x00000000c066ffd8,0x00000000c5c00000)
 Metaspace       used 34467K, capacity 35178K, committed 35416K, reserved 1079296K
  class space    used 4680K, capacity 4927K, committed 4992K, reserved 1048576K
}
Event: 7.185 GC heap before
{Heap before GC invocations=8 (full 2):
 PSYoungGen      total 184320K, used 8924K [0x00000000eab00000, 0x00000000f8a80000, 0x0000000100000000)
  eden space 171008K, 0% used [0x00000000eab00000,0x00000000eab00000,0x00000000f5200000)
  from space 13312K, 67% used [0x00000000f5e00000,0x00000000f66b7160,0x00000000f6b00000)
  to   space 12288K, 0% used [0x00000000f5200000,0x00000000f5200000,0x00000000f5e00000)
 ParOldGen       total 94208K, used 6591K [0x00000000c0000000, 0x00000000c5c00000, 0x00000000eab00000)
  object space 94208K, 6% used [0x00000000c0000000,0x00000000c066ffd8,0x00000000c5c00000)
 Metaspace       used 34467K, capacity 35178K, committed 35416K, reserved 1079296K
  class space    used 4680K, capacity 4927K, committed 4992K, reserved 1048576K
Event: 7.262 GC heap after
Heap after GC invocations=8 (full 2):
 PSYoungGen      total 184320K, used 0K [0x00000000eab00000, 0x00000000f8a80000, 0x0000000100000000)
  eden space 171008K, 0% used [0x00000000eab00000,0x00000000eab00000,0x00000000f5200000)
  from space 13312K, 0% used [0x00000000f5e00000,0x00000000f5e00000,0x00000000f6b00000)
  to   space 12288K, 0% used [0x00000000f5200000,0x00000000f5200000,0x00000000f5e00000)
 ParOldGen       total 140288K, used 14926K [0x00000000c0000000, 0x00000000c8900000, 0x00000000eab00000)
  object space 140288K, 10% used [0x00000000c0000000,0x00000000c0e939d8,0x00000000c8900000)
 Metaspace       used 34467K, capacity 35178K, committed 35416K, reserved 1079296K
  class space    used 4680K, capacity 4927K, committed 4992K, reserved 1048576K
}

